<?xml version="1.0" encoding="UTF-8"?>
<testng-results skipped="0" failed="0" ignored="0" total="1" passed="1">
  <reporter-output>
  </reporter-output>
  <suite name="Default suite" duration-ms="67209" started-at="2018-10-22T11:11:54Z" finished-at="2018-10-22T11:13:01Z">
    <groups>
    </groups>
    <test name="Default test" duration-ms="67209" started-at="2018-10-22T11:11:54Z" finished-at="2018-10-22T11:13:01Z">
      <class name="Test.Login">
        <test-method status="PASS" signature="setup()[pri:0, instance:Test.Login@77caeb3e]" name="setup" is-config="true" duration-ms="58182" started-at="2018-10-22T11:11:54Z" finished-at="2018-10-22T11:12:52Z">
          <reporter-output>
          </reporter-output>
        </test-method> <!-- setup -->
        <test-method status="PASS" signature="test_Home_Page_Appear_Correct()[pri:0, instance:Test.Login@77caeb3e]" name="test_Home_Page_Appear_Correct" duration-ms="8903" started-at="2018-10-22T11:12:52Z" finished-at="2018-10-22T11:13:01Z">
          <reporter-output>
          </reporter-output>
        </test-method> <!-- test_Home_Page_Appear_Correct -->
      </class> <!-- Test.Login -->
    </test> <!-- Default test -->
  </suite> <!-- Default suite -->
</testng-results>
